<?xml version="1.0" encoding="utf-8" standalone="no"?>
<test-run id="2" testcasecount="1" result="Passed" total="1" passed="1" failed="0" inconclusive="0" skipped="0" asserts="1" engine-version="3.6.0.0" clr-version="4.0.30319.42000" start-time="2017-02-03 16:16:30Z" end-time="2017-02-03 16:16:30Z" duration="0.611736">
  <command-line><![CDATA["C:\git\psake\packages\NUnit.ConsoleRunner.3.6.0\Tools\nunit3-console.exe" C:\git\psake\.build\temp\_PublishedNUnitTests\WebApplication.NUnitTests\bin\WebApplication.NUnitTests.dll --output:C:\git\psake\.build\TestResults\NUnit\NUnit.txt]]></command-line>
  <test-suite type="Assembly" id="0-1002" name="WebApplication.NUnitTests.dll" fullname="C:\git\psake\.build\temp\_PublishedNUnitTests\WebApplication.NUnitTests\bin\WebApplication.NUnitTests.dll" runstate="Runnable" testcasecount="1" result="Passed" start-time="2017-02-03 16:16:30Z" end-time="2017-02-03 16:16:30Z" duration="0.071801" total="1" passed="1" failed="0" warnings="0" inconclusive="0" skipped="0" asserts="1">
    <environment framework-version="3.6.0.0" clr-version="4.0.30319.42000" os-version="Microsoft Windows NT 10.0.10586.0" platform="Win32NT" cwd="C:\git\psake\Build" machine-name="935-DEV24" user="21365" user-domain="EUR-DOMAIN1" culture="en-US" uiculture="en-US" os-architecture="x64" />
    <settings>
      <setting name="DisposeRunners" value="True" />
      <setting name="WorkDirectory" value="C:\git\psake\Build" />
      <setting name="ImageRuntimeVersion" value="4.0.30319" />
      <setting name="ImageTargetFrameworkName" value=".NETFramework,Version=v4.6.1" />
      <setting name="ImageRequiresX86" value="False" />
      <setting name="ImageRequiresDefaultAppDomainAssemblyResolver" value="False" />
      <setting name="NumberOfTestWorkers" value="8" />
    </settings>
    <properties>
      <property name="_PID" value="27000" />
      <property name="_APPDOMAIN" value="domain-" />
    </properties>
    <test-suite type="TestSuite" id="0-1003" name="WebApplication" fullname="WebApplication" runstate="Runnable" testcasecount="1" result="Passed" start-time="2017-02-03 16:16:30Z" end-time="2017-02-03 16:16:30Z" duration="0.053177" total="1" passed="1" failed="0" warnings="0" inconclusive="0" skipped="0" asserts="1">
      <test-suite type="TestSuite" id="0-1004" name="NUnitTests" fullname="WebApplication.NUnitTests" runstate="Runnable" testcasecount="1" result="Passed" start-time="2017-02-03 16:16:30Z" end-time="2017-02-03 16:16:30Z" duration="0.049108" total="1" passed="1" failed="0" warnings="0" inconclusive="0" skipped="0" asserts="1">
        <test-suite type="TestSuite" id="0-1005" name="Controllers" fullname="WebApplication.NUnitTests.Controllers" runstate="Runnable" testcasecount="1" result="Passed" start-time="2017-02-03 16:16:30Z" end-time="2017-02-03 16:16:30Z" duration="0.045422" total="1" passed="1" failed="0" warnings="0" inconclusive="0" skipped="0" asserts="1">
          <test-suite type="TestFixture" id="0-1000" name="HomeControllerTest" fullname="WebApplication.NUnitTests.Controllers.HomeControllerTest" classname="WebApplication.NUnitTests.Controllers.HomeControllerTest" runstate="Runnable" testcasecount="1" result="Passed" start-time="2017-02-03 16:16:30Z" end-time="2017-02-03 16:16:30Z" duration="0.040729" total="1" passed="1" failed="0" warnings="0" inconclusive="0" skipped="0" asserts="1">
            <test-case id="0-1001" name="Index" fullname="WebApplication.NUnitTests.Controllers.HomeControllerTest.Index" methodname="Index" classname="WebApplication.NUnitTests.Controllers.HomeControllerTest" runstate="Runnable" seed="1207338284" result="Passed" start-time="2017-02-03 16:16:30Z" end-time="2017-02-03 16:16:30Z" duration="0.029822" asserts="1" />
          </test-suite>
        </test-suite>
      </test-suite>
    </test-suite>
  </test-suite>
</test-run>